[MAIN] Starting scraper 1
This is the run method called
[MAIN] Starting scraper 2
This is the run method called
[MAIN] Starting scraper 3
[INFO] Arbitrage format CSV path: Database\Data\vfootballarbitrage_format.csv
Current working directory: C:\Users\ezeki\SportBettingPrediction
[MAIN] Starting scraper 4
This is the run method called
[INFO] Arbitrage format CSV path: Database\Data\vfootballarbitrage_format.csv
This is the run method called
Writing to file: C:\Users\ezeki\SportBettingPrediction\Database\Data\vfootballarbitrage_format.csv
[INFO] Arbitrage format CSV path: Database\Data\vfootballarbitrage_format.csv
Current working directory: C:\Users\ezeki\SportBettingPrediction
[INFO] Arbitrage format CSV path: Database\Data\vfootballarbitrage_format.csv
Current working directory: C:\Users\ezeki\SportBettingPrediction
Writing to file: C:\Users\ezeki\SportBettingPrediction\Database\Data\vfootballarbitrage_format.csv
Current working directory: C:\Users\ezeki\SportBettingPrediction
Writing to file: C:\Users\ezeki\SportBettingPrediction\Database\Data\vfootballarbitrage_format.csv
[MAIN] Starting scraper 5
[INFO] Environment variables loaded.
Writing to file: C:\Users\ezeki\SportBettingPrediction\Database\Data\vfootballarbitrage_format.csv
[MAIN] Starting scraper 6
[INFO] Environment variables loaded.
[INFO] Environment variables loaded.
This is the run method called
This is the run method called
[INFO] Environment variables loaded.
[MAIN] Starting scraper 7
[INFO] Arbitrage format CSV path: Database\Data\vfootballarbitrage_format.csv
[INFO] Arbitrage format CSV path: Database\Data\vfootballarbitrage_format.csv
Current working directory: C:\Users\ezeki\SportBettingPrediction
[MAIN] Starting scraper 8
Current working directory: C:\Users\ezeki\SportBettingPrediction
This is the run method called
This is the run method called
Writing to file: C:\Users\ezeki\SportBettingPrediction\Database\Data\vfootballarbitrage_format.csv
[MAIN] Starting scraper 9
Writing to file: C:\Users\ezeki\SportBettingPrediction\Database\Data\vfootballarbitrage_format.csv
[INFO] Arbitrage format CSV path: Database\Data\vfootballarbitrage_format.csv
Current working directory: C:\Users\ezeki\SportBettingPrediction
Writing to file: C:\Users\ezeki\SportBettingPrediction\Database\Data\vfootballarbitrage_format.csv
[INFO] Arbitrage format CSV path: Database\Data\vfootballarbitrage_format.csv
Current working directory: C:\Users\ezeki\SportBettingPrediction
[MAIN] Starting scraper 10[INFO] Environment variables loaded.
[INFO] Environment variables loaded.

This is the run method called[INFO] Environment variables loaded.

Writing to file: C:\Users\ezeki\SportBettingPrediction\Database\Data\vfootballarbitrage_format.csvThis is the run method called
[INFO] Arbitrage format CSV path: Database\Data\vfootballarbitrage_format.csv

Current working directory:[INFO] Environment variables loaded.
 C:\Users\ezeki\SportBettingPrediction
[INFO] Arbitrage format CSV path: Database\Data\vfootballarbitrage_format.csv
Current working directory: C:\Users\ezeki\SportBettingPrediction
Writing to file: C:\Users\ezeki\SportBettingPrediction\Database\Data\vfootballarbitrage_format.csv
Writing to file: C:\Users\ezeki\SportBettingPrediction\Database\Data\vfootballarbitrage_format.csv
[INFO] Environment variables loaded.
[INFO] Environment variables loaded.
[INFO] Browser opened successfully.
[INFO] Browser opened successfully.
[INFO] Browser opened successfully.[INFO] Browser opened successfully.

[INFO] Browser opened successfully.
[INFO] Browser opened successfully.
[INFO] Browser opened successfully.
[INFO] Browser opened successfully.
[INFO] Browser opened successfully.
[INFO] Loaded URL: https://www.sportybet.com/ng/sport/vFootball/upcoming?time=0
[INFO] Browser opened successfully.
[INFO] Loaded URL: https://www.sportybet.com/ng/sport/vFootball/upcoming?time=0
[INFO] Loaded URL: https://www.sportybet.com/ng/sport/vFootball/upcoming?time=0
[INFO] Loaded URL: https://www.sportybet.com/ng/sport/vFootball/upcoming?time=0
[INFO] Loaded URL: https://www.sportybet.com/ng/sport/vFootball/upcoming?time=0
[INFO] Loaded URL: https://www.sportybet.com/ng/sport/vFootball/upcoming?time=0
[INFO] Loaded URL: https://www.sportybet.com/ng/sport/vFootball/upcoming?time=0
[INFO] Loaded URL: https://www.sportybet.com/ng/sport/vFootball/upcoming?time=0
[INFO] Loaded URL: https://www.sportybet.com/ng/sport/vFootball/upcoming?time=0
[INFO] Phone number entered.
[INFO] Phone number entered.
[INFO] Password entered.
[INFO] Password entered.
[INFO] Login button clicked.
[INFO] Phone number entered.
[INFO] Login button clicked.
[INFO] Phone number entered.
[INFO] Phone number entered.
[INFO] Phone number entered.
[INFO] Password entered.
[INFO] Password entered.
[INFO] Password entered.
[INFO] Password entered.
[INFO] Login button clicked.
[INFO] Phone number entered.
[INFO] Phone number entered.
[INFO] Login button clicked.
[INFO] Login button clicked.
[INFO] Password entered.
[INFO] Login button clicked.
[INFO] Password entered.
[INFO] Phone number entered.
[INFO] Login button clicked.
[INFO] Password entered.
[INFO] Login button clicked.
[INFO] Logged in, scraping matches now...
[INFO] Logged in, scraping matches now...
[INFO] Login button clicked.
[INFO] Logged in, scraping matches now...
[INFO] Logged in, scraping matches now...
[INFO] Logged in, scraping matches now...
[INFO] Logged in, scraping matches now...
[INFO] Logged in, scraping matches now...
[INFO] Loaded URL: https://www.sportybet.com/ng/sport/vFootball/upcoming?time=0
[INFO] Logged in, scraping matches now...
[INFO] Phone number entered.
[INFO] Password entered.
[INFO] Logged in, scraping matches now...
[INFO] Login button clicked.
[INFO] Time filter set to 1 h
[INFO] Time filter set to 1 h
[INFO] Logged in, scraping matches now...
[INFO] Time filter set to 1 h
[INFO] Time filter set to 1 h
[INFO] Time filter set to 1 h
[INFO] Time filter set to 1 h
[INFO] Time filter set to 1 h
[INFO] Time filter set to 1 h
[INFO] Time filter set to 1 h
[INFO] Time filter set to 1 h
[INFO] Claiming match: ARS vs LEI | 2025-04-29 02:26
[INFO] Claiming match: AST vs IPS | 2025-04-29 02:26
[INFO] Claiming match: BHA vs FUL | 2025-04-29 02:26
[INFO] Click successful.
[INFO] Found match ID: 200025042821937
[INFO] Waiting 1732.8 seconds until 120s before match start
[INFO] Click successful.
[INFO] Found match ID: 200025042821938
[INFO] Waiting 1732.4 seconds until 120s before match start
[INFO] Click successful.
[INFO] Found match ID: 200025042821941
[INFO] Waiting 1731.1 seconds until 120s before match start
[INFO] Claiming match: BOU vs LIV | 2025-04-29 02:26
[INFO] Claiming match: CHE vs CRY | 2025-04-29 02:26
[INFO] Claiming match: EVE vs WOL | 2025-04-29 02:26
[INFO] Claiming match: FOR vs MCI | 2025-04-29 02:26
[INFO] Click successful.
[INFO] Click successful.
[INFO] Found match ID: 200025042821944
[INFO] Waiting 1727.6 seconds until 120s before match start
[INFO] Click successful.
[INFO] Found match ID: 200025042821942
[INFO] Waiting 1727.4 seconds until 120s before match start
[INFO] Found match ID: 200025042821943
[INFO] Waiting 1727.3 seconds until 120s before match start
[INFO] Claiming match: NEW vs MUN | 2025-04-29 02:26
[INFO] Click successful.
[INFO] Found match ID: 200025042821939
[INFO] Waiting 1725.7 seconds until 120s before match start
[INFO] Click successful.
[INFO] Found match ID: 200025042821940
[INFO] Waiting 1724.6 seconds until 120s before match start
[INFO] Claiming match: SOU vs WHU | 2025-04-29 02:26
[INFO] Claiming match: TOT vs BRE | 2025-04-29 02:26
[INFO] Click successful.
[INFO] Found match ID: 200025042821935
[INFO] Waiting 1720.9 seconds until 120s before match start
[INFO] Click successful.
[INFO] Found match ID: 200025042821936
[INFO] Waiting 1719.6 seconds until 120s before match start
